Android School/app/build/intermediates/manifest_merge_blame_file/debug/manifest-merger-blame-debug-report.txt
1<?xml version="1.0" encoding="utf-8"?>
2<manifest xmlns:android="http://schemas.android.com/apk/res/android"
3    package="com.example.android.myapplication"
4    android:versionCode="1"
5    android:versionName="1.0" >
6
7    <uses-sdk
8        android:minSdkVersion="24"
8-->src\main\AndroidManifest.xml
9        android:targetSdkVersion="31" />
9-->src\main\AndroidManifest.xml
10
11    <application
11-->src\main\AndroidManifest.xml:5:5-13:19
12        android:allowBackup="true"
12-->src\main\AndroidManifest.xml:6:9-35
13        android:appComponentFactory="androidx.core.app.CoreComponentFactory"
13-->[androidx.core:core:1.7.0] AndroidManifest.xml:24:18-86
14        android:debuggable="true"
15        android:extractNativeLibs="false"
16        android:icon="@mipmap/ic_launcher"
16-->src\main\AndroidManifest.xml:7:9-43
17        android:label="@string/app_name"
17-->src\main\AndroidManifest.xml:8:9-41
18        android:roundIcon="@mipmap/ic_launcher_round"
18-->src\main\AndroidManifest.xml:9:9-54
19        android:supportsRtl="true"
19-->src\main\AndroidManifest.xml:10:9-35
20        android:testOnly="true"
21        android:theme="@style/Theme.MyApplication" >
21-->src\main\AndroidManifest.xml:11:9-51
22        <activity android:name="com.example.android.myapplication.MainActivity" />
22-->src\main\AndroidManifest.xml:12:9-59
22-->src\main\AndroidManifest.xml:12:19-47
23
24        <provider
24-->[androidx.emoji2:emoji2:1.0.0] AndroidManifest.xml:26:9-34:20
25            android:name="androidx.startup.InitializationProvider"
25-->[androidx.emoji2:emoji2:1.0.0] AndroidManifest.xml:27:13-67
26            android:authorities="com.example.android.myapplication.androidx-startup"
26-->[androidx.emoji2:emoji2:1.0.0] AndroidManifest.xml:28:13-68
27            android:exported="false" >
27-->[androidx.emoji2:emoji2:1.0.0] AndroidManifest.xml:29:13-37
28            <meta-data
28-->[androidx.emoji2:emoji2:1.0.0] AndroidManifest.xml:31:13-33:52
29                android:name="androidx.emoji2.text.EmojiCompatInitializer"
29-->[androidx.emoji2:emoji2:1.0.0] AndroidManifest.xml:32:17-75
30                android:value="androidx.startup" />
30-->[androidx.emoji2:emoji2:1.0.0] AndroidManifest.xml:33:17-49
31            <meta-data
31-->[androidx.lifecycle:lifecycle-process:2.4.0] AndroidManifest.xml:31:13-33:52
32                android:name="androidx.lifecycle.ProcessLifecycleInitializer"
32-->[androidx.lifecycle:lifecycle-process:2.4.0] AndroidManifest.xml:32:17-78
33                android:value="androidx.startup" />
33-->[androidx.lifecycle:lifecycle-process:2.4.0] AndroidManifest.xml:33:17-49
34        </provider>
35    </application>
36
37</manifest>